2019-05-06 14:01:00,320-BrowserEngine-INFO-you had select Chrome browser
2019-05-06 14:01:00,320-BrowserEngine-INFO-The test server url is:https://www.baidu.com
2019-05-06 14:01:03,568-BrowserEngine-INFO-Starting Chrome browser
2019-05-06 14:01:04,321-BrowserEngine-INFO-open url:https://www.baidu.com
2019-05-06 14:01:04,321-BrowserEngine-INFO-maximize the current window
2019-05-06 14:01:04,322-BrowserEngine-INFO-set implicitly wait 4 seconds
2019-05-06 14:01:04,329-BasePage-INFO-Current page title is 百度一下，你就知道
2019-05-06 14:01:04,436-BrowserEngine-INFO-you had select Chrome browser
2019-05-06 14:01:04,437-BrowserEngine-INFO-The test server url is:https://www.baidu.com
2019-05-06 14:01:06,807-BrowserEngine-INFO-Starting Chrome browser
2019-05-06 14:01:07,495-BrowserEngine-INFO-open url:https://www.baidu.com
2019-05-06 14:01:07,495-BrowserEngine-INFO-maximize the current window
2019-05-06 14:01:07,496-BrowserEngine-INFO-set implicitly wait 4 seconds
2019-05-06 14:01:07,530-BasePage-INFO-Had find the element ' 'successful by id via value:kw
2019-05-06 14:01:07,749-BasePage-INFO-Had type 'selenium'in inputBox
2019-05-06 14:01:07,780-BasePage-INFO-Had find the element ''successful by xpath via value://*[@id="su"]
2019-05-06 14:01:08,924-BasePage-INFO-The element '' was clicked
2019-05-06 14:01:11,269-BasePage-INFO-Had take scrrenshot and save to folder:/Screenshots
2019-05-06 14:01:11,273-BasePage-INFO-Current page title is selenium_百度搜索
2019-05-06 14:01:11,381-BrowserEngine-INFO-you had select Chrome browser
2019-05-06 14:01:11,382-BrowserEngine-INFO-The test server url is:https://www.baidu.com
2019-05-06 14:01:13,784-BrowserEngine-INFO-Starting Chrome browser
2019-05-06 14:01:14,528-BrowserEngine-INFO-open url:https://www.baidu.com
2019-05-06 14:01:14,528-BrowserEngine-INFO-maximize the current window
2019-05-06 14:01:14,530-BrowserEngine-INFO-set implicitly wait 4 seconds
2019-05-06 14:01:14,559-BasePage-INFO-Had find the element ' 'successful by id via value:kw
2019-05-06 14:01:14,764-BasePage-INFO-Had type 'python'in inputBox
2019-05-06 14:01:14,800-BasePage-INFO-Had find the element ''successful by xpath via value://*[@id="su"]
2019-05-06 14:01:15,964-BasePage-INFO-The element '' was clicked
2019-05-06 14:01:18,362-BasePage-INFO-Had take scrrenshot and save to folder:/Screenshots
2019-05-06 14:01:18,460-BrowserEngine-INFO-you had select Chrome browser
2019-05-06 14:01:18,460-BrowserEngine-INFO-The test server url is:https://www.baidu.com
2019-05-06 14:01:20,793-BrowserEngine-INFO-Starting Chrome browser
2019-05-06 14:01:21,578-BrowserEngine-INFO-open url:https://www.baidu.com
2019-05-06 14:01:21,578-BrowserEngine-INFO-maximize the current window
2019-05-06 14:01:21,579-BrowserEngine-INFO-set implicitly wait 4 seconds
2019-05-06 14:01:31,640-BasePage-INFO-Had take scrrenshot and save to folder:/Screenshots
2019-05-06 14:01:31,792-BrowserEngine-INFO-you had select Chrome browser
2019-05-06 14:01:31,793-BrowserEngine-INFO-The test server url is:https://www.baidu.com
2019-05-06 14:01:34,587-BrowserEngine-INFO-Starting Chrome browser
2019-05-06 14:01:35,532-BrowserEngine-INFO-open url:https://www.baidu.com
2019-05-06 14:01:35,532-BrowserEngine-INFO-maximize the current window
2019-05-06 14:01:35,533-BrowserEngine-INFO-set implicitly wait 4 seconds
2019-05-06 14:01:35,566-BasePage-INFO-Had find the element ' 'successful by id via value:kw
2019-05-06 14:01:35,785-BasePage-INFO-Had type 'selenium'in inputBox
2019-05-06 14:01:35,818-BasePage-INFO-Had find the element ''successful by xpath via value://*[@id="su"]
2019-05-06 14:01:36,939-BasePage-INFO-The element '' was clicked
2019-05-06 14:01:39,289-BasePage-INFO-Had take scrrenshot and save to folder:/Screenshots
2019-05-06 14:01:39,293-BasePage-INFO-Current page title is selenium_百度搜索
2019-05-06 14:01:39,312-BasePage-INFO-Had find the element ' 'successful by id via value:kw
2019-05-06 14:01:39,412-BasePage-INFO-Had type 'python'in inputBox
2019-05-06 14:01:39,431-BasePage-INFO-Had find the element ''successful by xpath via value://*[@id="su"]
2019-05-06 14:01:40,484-BasePage-INFO-The element '' was clicked
2019-05-06 14:01:42,807-BasePage-INFO-Had take scrrenshot and save to folder:/Screenshots
