2018-10-26 16:26:02,810-BrowserEngine-INFO-you had select Chrome browser
2018-10-26 16:26:02,810-BrowserEngine-INFO-The test server url is:https://www.baidu.com
2018-10-26 16:26:05,272-BrowserEngine-INFO-Starting Chrome browser
2018-10-26 16:26:05,862-BrowserEngine-INFO-open url:https://www.baidu.com
2018-10-26 16:26:05,862-BrowserEngine-INFO-maximize the current window
2018-10-26 16:26:05,863-BrowserEngine-INFO-set implicitly wait 4 seconds
2018-10-26 16:26:05,899-BasePage-INFO-Had find the element ' 'successful by id via value:kw
2018-10-26 16:26:06,084-BasePage-INFO-Had type 'selenium'in inputBox
2018-10-26 16:26:06,117-BasePage-INFO-Had find the element ''successful by xpath via value://*[@id="su"]
2018-10-26 16:26:06,219-BasePage-INFO-The element '   ' was clicked
2018-10-26 16:26:08,584-BasePage-INFO-Had take scrrenshot and save to folder:/Screenshots
2018-10-26 16:26:08,646-BasePage-INFO-Current page title is selenium_百度搜索
2018-10-26 16:26:09,002-BrowserEngine-INFO-you had select Chrome browser
2018-10-26 16:26:09,003-BrowserEngine-INFO-The test server url is:https://www.baidu.com
2018-10-26 16:26:11,487-BrowserEngine-INFO-Starting Chrome browser
2018-10-26 16:26:12,083-BrowserEngine-INFO-open url:https://www.baidu.com
2018-10-26 16:26:12,083-BrowserEngine-INFO-maximize the current window
2018-10-26 16:26:12,084-BrowserEngine-INFO-set implicitly wait 4 seconds
2018-10-26 16:26:12,117-BasePage-INFO-Had find the element ' 'successful by id via value:kw
2018-10-26 16:26:12,287-BasePage-INFO-Had type 'python'in inputBox
2018-10-26 16:26:12,331-BasePage-INFO-Had find the element ''successful by xpath via value://*[@id="su"]
2018-10-26 16:26:12,422-BasePage-INFO-The element '   ' was clicked
2018-10-26 16:26:14,768-BasePage-INFO-Had take scrrenshot and save to folder:/Screenshots
