2018-10-31 10:39:40,953-BrowserEngine-INFO-you had select Chrome browser
2018-10-31 10:39:40,953-BrowserEngine-INFO-The test server url is:https://www.baidu.com
2018-10-31 10:39:46,002-BrowserEngine-INFO-Starting Chrome browser
2018-10-31 10:39:48,291-BrowserEngine-INFO-open url:https://www.baidu.com
2018-10-31 10:39:48,292-BrowserEngine-INFO-maximize the current window
2018-10-31 10:39:48,322-BrowserEngine-INFO-set implicitly wait 4 seconds
2018-10-31 10:39:48,366-BasePage-INFO-Had find the element ' 'successful by id via value:kw
2018-10-31 10:39:48,617-BasePage-INFO-Had type 'selenium'in inputBox
2018-10-31 10:39:48,647-BasePage-INFO-Had find the element ''successful by xpath via value://*[@id="su"]
2018-10-31 10:39:48,729-BasePage-INFO-The element '   ' was clicked
2018-10-31 10:39:51,178-BasePage-INFO-Had take scrrenshot and save to folder:/Screenshots
2018-10-31 10:39:51,183-BasePage-INFO-Current page title is selenium_百度搜索
2018-10-31 10:39:51,453-BrowserEngine-INFO-you had select Chrome browser
2018-10-31 10:39:51,453-BrowserEngine-INFO-The test server url is:https://www.baidu.com
2018-10-31 10:39:53,741-BrowserEngine-INFO-Starting Chrome browser
2018-10-31 10:39:55,031-BrowserEngine-INFO-open url:https://www.baidu.com
2018-10-31 10:39:55,031-BrowserEngine-INFO-maximize the current window
2018-10-31 10:39:55,032-BrowserEngine-INFO-set implicitly wait 4 seconds
2018-10-31 10:39:55,069-BasePage-INFO-Had find the element ' 'successful by id via value:kw
2018-10-31 10:39:55,312-BasePage-INFO-Had type 'python'in inputBox
2018-10-31 10:39:55,347-BasePage-INFO-Had find the element ''successful by xpath via value://*[@id="su"]
2018-10-31 10:39:55,453-BasePage-INFO-The element '   ' was clicked
2018-10-31 10:39:57,913-BasePage-INFO-Had take scrrenshot and save to folder:/Screenshots
