2019-05-05 11:42:03,477-BrowserEngine-INFO-you had select Chrome browser
2019-05-05 11:42:03,477-BrowserEngine-INFO-The test server url is:https://www.baidu.com
2019-05-05 11:42:17,577-BrowserEngine-INFO-Starting Chrome browser
2019-05-05 11:42:18,929-BrowserEngine-INFO-open url:https://www.baidu.com
2019-05-05 11:42:18,929-BrowserEngine-INFO-maximize the current window
2019-05-05 11:42:18,952-BrowserEngine-INFO-set implicitly wait 4 seconds
2019-05-05 11:42:18,994-BasePage-INFO-Current page title is 百度一下，你就知道
2019-05-05 11:42:19,102-BrowserEngine-INFO-you had select Chrome browser
2019-05-05 11:42:19,102-BrowserEngine-INFO-The test server url is:https://www.baidu.com
2019-05-05 11:42:22,321-BrowserEngine-INFO-Starting Chrome browser
2019-05-05 11:42:23,256-BrowserEngine-INFO-open url:https://www.baidu.com
2019-05-05 11:42:23,273-BrowserEngine-INFO-maximize the current window
2019-05-05 11:42:23,274-BrowserEngine-INFO-set implicitly wait 4 seconds
2019-05-05 11:42:23,324-BasePage-INFO-Had find the element ' 'successful by id via value:kw
2019-05-05 11:42:23,861-BasePage-INFO-Had type 'selenium'in inputBox
2019-05-05 11:42:23,889-BasePage-INFO-Had find the element ''successful by xpath via value://*[@id="su"]
2019-05-05 11:42:23,950-BasePage-INFO-The element '   ' was clicked
2019-05-05 11:42:26,846-BasePage-INFO-Had take scrrenshot and save to folder:/Screenshots
2019-05-05 11:42:26,851-BasePage-INFO-Current page title is selenium_百度搜索
2019-05-05 11:42:26,991-BrowserEngine-INFO-you had select Chrome browser
2019-05-05 11:42:26,991-BrowserEngine-INFO-The test server url is:https://www.baidu.com
2019-05-05 11:42:31,032-BrowserEngine-INFO-Starting Chrome browser
2019-05-05 11:42:32,269-BrowserEngine-INFO-open url:https://www.baidu.com
2019-05-05 11:42:32,269-BrowserEngine-INFO-maximize the current window
2019-05-05 11:42:32,270-BrowserEngine-INFO-set implicitly wait 4 seconds
2019-05-05 11:42:32,302-BasePage-INFO-Had find the element ' 'successful by id via value:kw
2019-05-05 11:42:32,515-BasePage-INFO-Had type 'python'in inputBox
2019-05-05 11:42:32,544-BasePage-INFO-Had find the element ''successful by xpath via value://*[@id="su"]
2019-05-05 11:42:32,637-BasePage-INFO-The element '   ' was clicked
2019-05-05 11:42:34,983-BasePage-INFO-Had take scrrenshot and save to folder:/Screenshots
2019-05-05 11:42:35,460-BrowserEngine-INFO-you had select Chrome browser
2019-05-05 11:42:35,460-BrowserEngine-INFO-The test server url is:https://www.baidu.com
2019-05-05 11:42:38,977-BrowserEngine-INFO-Starting Chrome browser
2019-05-05 11:42:39,753-BrowserEngine-INFO-open url:https://www.baidu.com
2019-05-05 11:42:39,753-BrowserEngine-INFO-maximize the current window
2019-05-05 11:42:39,755-BrowserEngine-INFO-set implicitly wait 4 seconds
2019-05-05 11:42:50,843-BasePage-INFO-Had take scrrenshot and save to folder:/Screenshots
2019-05-05 11:42:50,983-BrowserEngine-INFO-you had select Chrome browser
2019-05-05 11:42:50,984-BrowserEngine-INFO-The test server url is:https://www.baidu.com
2019-05-05 11:42:54,343-BrowserEngine-INFO-Starting Chrome browser
2019-05-05 11:42:55,182-BrowserEngine-INFO-open url:https://www.baidu.com
2019-05-05 11:42:55,182-BrowserEngine-INFO-maximize the current window
2019-05-05 11:42:55,183-BrowserEngine-INFO-set implicitly wait 4 seconds
2019-05-05 11:42:55,214-BasePage-INFO-Had find the element ' 'successful by id via value:kw
2019-05-05 11:42:55,426-BasePage-INFO-Had type 'selenium'in inputBox
2019-05-05 11:42:55,497-BasePage-INFO-Had find the element ''successful by xpath via value://*[@id="su"]
2019-05-05 11:42:55,575-BasePage-INFO-The element '   ' was clicked
2019-05-05 11:42:57,935-BasePage-INFO-Had take scrrenshot and save to folder:/Screenshots
2019-05-05 11:42:57,940-BasePage-INFO-Current page title is selenium_百度搜索
2019-05-05 11:42:57,983-BasePage-INFO-Had find the element ' 'successful by id via value:kw
2019-05-05 11:42:58,084-BasePage-INFO-Had type 'python'in inputBox
2019-05-05 11:42:58,103-BasePage-INFO-Had find the element ''successful by xpath via value://*[@id="su"]
2019-05-05 11:42:58,203-BasePage-INFO-The element '   ' was clicked
2019-05-05 11:43:00,533-BasePage-INFO-Had take scrrenshot and save to folder:/Screenshots
